<?xml version="1.0" encoding="UTF-8"?>
<!-- Generated by org.testng.reporters.JUnitReportReporter -->
<testsuite hostname="BLRCND52008917" failures="0" tests="1" name="MvnPro.MvnJava.SeleniumTest" time="0.001" errors="0" timestamp="2022-07-14T01:30:29 IST" skipped="0">
  <testcase classname="MvnPro.MvnJava.SeleniumTest" name="LoginPage" time="0.001"/>
  <system-out/>
</testsuite> <!-- MvnPro.MvnJava.SeleniumTest -->
