<?xml version="1.0" encoding="UTF-8"?>
<!-- Generated by org.testng.reporters.JUnitReportReporter -->
<testsuite hostname="BLRCND52008917" failures="0" tests="1" name="MvnPro.MvnJava.AppTest" time="0.011" errors="0" timestamp="2022-07-14T01:30:29 IST" skipped="0">
  <testcase classname="MvnPro.MvnJava.AppTest" name="shouldAnswerWithTrue" time="0.011"/>
  <system-out/>
</testsuite> <!-- MvnPro.MvnJava.AppTest -->
