<?xml version="1.0" encoding="UTF-8"?>
<!-- Generated by org.testng.reporters.JUnitReportReporter -->
<testsuite hostname="BLRCND52008917" failures="0" tests="1" name="alpha.RediffLoginAppTest" time="89.515" errors="0" timestamp="2022-07-16T03:00:30 IST" skipped="0">
  <testcase classname="alpha.RediffLoginAppTest" name="login" time="89.515"/>
  <system-out/>
</testsuite> <!-- alpha.RediffLoginAppTest -->
