<?xml version="1.0" encoding="UTF-8"?>
<!-- Generated by org.testng.reporters.JUnitReportReporter -->
<testsuite hostname="BLRCND52008917" failures="0" tests="2" name="MvnPro.MvnJava.AppiumTest" time="0.020" errors="0" timestamp="2022-07-23T14:16:05 IST" skipped="0">
  <testcase classname="MvnPro.MvnJava.AppiumTest" name="IOS" time="0.014"/>
  <system-out/>
  <testcase classname="MvnPro.MvnJava.AppiumTest" name="NativeApp" time="0.006"/>
  <system-out/>
</testsuite> <!-- MvnPro.MvnJava.AppiumTest -->
