<?xml version="1.0" encoding="UTF-8"?>
<!-- Generated by org.testng.reporters.JUnitReportReporter -->
<testsuite hostname="BLRCND52008917" failures="0" tests="2" name="MvnPro.MvnJava.RestAPITest" time="0.010" errors="0" timestamp="2022-07-16T03:25:26 IST" skipped="0">
  <testcase classname="MvnPro.MvnJava.RestAPITest" name="TestTFS" time="0.004"/>
  <system-out/>
  <testcase classname="MvnPro.MvnJava.RestAPITest" name="TestJira" time="0.006"/>
  <system-out/>
</testsuite> <!-- MvnPro.MvnJava.RestAPITest -->
