<?xml version="1.0" encoding="UTF-8"?>
<!-- Generated by org.testng.reporters.JUnitReportReporter -->
<testsuite hostname="BLRCND52008917" failures="0" tests="2" name="MvnPro.MvnJava.AppiumTest" time="0.018" errors="0" timestamp="2022-07-16T03:25:26 IST" skipped="0">
  <testcase classname="MvnPro.MvnJava.AppiumTest" name="IOS" time="0.015"/>
  <system-out/>
  <testcase classname="MvnPro.MvnJava.AppiumTest" name="NativeApp" time="0.003"/>
  <system-out/>
</testsuite> <!-- MvnPro.MvnJava.AppiumTest -->
