<?xml version="1.0" encoding="UTF-8"?>
<!-- Generated by org.testng.reporters.JUnitReportReporter -->
<testsuite hostname="BLRCND52008917" failures="0" tests="1" name="MvnPro.MvnJava.ExtentReport" time="13.055" errors="0" timestamp="2022-07-14T17:36:36 IST" skipped="0">
  <testcase classname="MvnPro.MvnJava.ExtentReport" name="InitialDemo" time="13.055"/>
  <system-out/>
</testsuite> <!-- MvnPro.MvnJava.ExtentReport -->
