<?xml version="1.0" encoding="UTF-8"?>
<!-- Generated by org.testng.reporters.JUnitReportReporter -->
<testsuite hostname="BLRCND52008917" failures="0" tests="1" name="MvnPro.MvnJava.ExtentReportTest" time="26.425" errors="0" timestamp="2022-07-16T00:02:28 IST" skipped="0">
  <testcase classname="MvnPro.MvnJava.ExtentReportTest" name="InitialDemo" time="26.425"/>
  <system-out/>
</testsuite> <!-- MvnPro.MvnJava.ExtentReportTest -->
