<?xml version="1.0" encoding="UTF-8"?>
<!-- Generated by org.testng.reporters.JUnitReportReporter -->
<testsuite hostname="BLRCND52008917" failures="0" tests="1" name="MvnPro.MvnJava.RediffLoginAppTest" time="12.686" errors="0" timestamp="2022-07-23T14:16:05 IST" skipped="0">
  <testcase classname="MvnPro.MvnJava.RediffLoginAppTest" name="login" time="12.686"/>
  <system-out/>
</testsuite> <!-- MvnPro.MvnJava.RediffLoginAppTest -->
