<?xml version="1.0" encoding="UTF-8"?>
<!-- Generated by org.testng.reporters.JUnitReportReporter -->
<testsuite hostname="BLRCND52008917" failures="0" tests="1" name="CoreJava.LoopTest" time="0.013" errors="0" timestamp="2022-07-21T00:24:16 IST" skipped="0">
  <testcase classname="CoreJava.LoopTest" name="ForLoop" time="0.013"/>
  <system-out/>
</testsuite> <!-- CoreJava.LoopTest -->
