<?xml version="1.0" encoding="UTF-8"?>
<!-- Generated by org.testng.reporters.JUnitReportReporter -->
<testsuite hostname="BLRCND52008917" failures="0" tests="2" name="MvnPro.MvnJava.SelJava" time="0.044" errors="0" timestamp="2022-07-14T00:00:02 IST" skipped="0">
  <testcase classname="MvnPro.MvnJava.SelJava" name="BrowserAuto" time="0.040"/>
  <system-out/>
  <testcase classname="MvnPro.MvnJava.SelJava" name="ElementUI" time="0.004"/>
  <system-out/>
</testsuite> <!-- MvnPro.MvnJava.SelJava -->
