<?xml version="1.0" encoding="UTF-8"?>
<!-- Generated by org.testng.reporters.JUnitReportReporter -->
<testsuite hostname="BLRCND52008917" failures="0" tests="2" name="MvnPro.MvnJava.SelJavaTest" time="0.006" errors="0" timestamp="2022-07-16T03:25:26 IST" skipped="0">
  <testcase classname="MvnPro.MvnJava.SelJavaTest" name="BrowserAuto" time="0.004"/>
  <system-out/>
  <testcase classname="MvnPro.MvnJava.SelJavaTest" name="ElementUI" time="0.002"/>
  <system-out/>
</testsuite> <!-- MvnPro.MvnJava.SelJavaTest -->
