<?xml version="1.0" encoding="UTF-8"?>
<!-- Generated by org.testng.reporters.JUnitReportReporter -->
<testsuite hostname="BLRCND52008917" failures="0" tests="1" name="MvnPro.MvnJava.CheckDataTest" time="2.450" errors="0" timestamp="2022-07-16T03:25:26 IST" skipped="0">
  <testcase classname="MvnPro.MvnJava.CheckDataTest" name="data" time="2.450"/>
  <system-out/>
</testsuite> <!-- MvnPro.MvnJava.CheckDataTest -->
