<?xml version="1.0" encoding="UTF-8"?>
<!-- Generated by org.testng.reporters.JUnitReportReporter -->
<testsuite hostname="BLRCND52008917" failures="0" tests="1" name="StepDefination.TestRunner" time="0.486" errors="0" timestamp="2022-07-22T11:42:44 IST" skipped="0">
  <testcase classname="StepDefination.TestRunner" name="feature" time="0.486"/>
  <system-out/>
</testsuite> <!-- StepDefination.TestRunner -->
